#
# A fatal error has been detected by the Java Runtime Environment:
#
#  SIGSEGV (0xb) at pc=0xb57d1abc, pid=4478, tid=2987768688
#
# JRE version: 6.0_20-b20
# Java VM: OpenJDK Client VM (19.0-b09 mixed mode, sharing linux-x86 )
# Derivative: IcedTea6 1.9.5
# Distribution: Ubuntu 10.10, package 6b20-1.9.5-0ubuntu1
# Problematic frame:
# J  org.eclipse.cdt.internal.ui.text.spelling.engine.DefaultPhoneticHashProvider.getHash(Ljava/lang/String;)Ljava/lang/String;
#
# If you would like to submit a bug report, please include
# instructions how to reproduce the bug and visit:
#   https://bugs.launchpad.net/ubuntu/+source/openjdk-6/
#

---------------  T H R E A D  ---------------

Current thread (0x099b3400):  JavaThread "org.eclipse.cdt.internal.ui.text.CReconciler" daemon [_thread_in_Java, id=11981, stack(0xb210b000,0xb215c000)]

siginfo:si_signo=SIGSEGV: si_errno=0, si_code=128 (), si_addr=0x00000000

Registers:
EAX=0xb215aa30, EBX=0x9424ebb0, ECX=0x6bab2ba8, EDX=0x00000005
ESP=0xb215a960, EBP=0xb215aa88, ESI=0x00000000, EDI=0x00000001
EIP=0xb57d1abc, CR2=0xb77a9100, EFLAGS=0x00210246

Register to memory mapping:

EAX=0xb215aa30
0xb215aa30 is pointing into the stack for thread: 0x099b3400
"org.eclipse.cdt.internal.ui.text.CReconciler" daemon prio=10 tid=0x099b3400 nid=0x2ecd runnable [0x00000000]
   java.lang.Thread.State: RUNNABLE

EBX=0x9424ebb0
{method} 
 - klass: {other class}

ECX=0x6bab2ba8

[error occurred during error reporting (printing registers, top of stack, instructions near pc), id 0xb]

Stack: [0xb210b000,0xb215c000],  sp=0xb215a960,  free space=318k
Native frames: (J=compiled Java code, j=interpreted, Vv=VM code, C=native code)
J  org.eclipse.cdt.internal.ui.text.spelling.engine.DefaultPhoneticHashProvider.getHash(Ljava/lang/String;)Ljava/lang/String;
j  org.eclipse.cdt.internal.ui.text.spelling.engine.AbstractSpellDictionary.load(Ljava/net/URL;)Z+220
j  org.eclipse.cdt.internal.ui.text.spelling.engine.AbstractSpellDictionary.isCorrect(Ljava/lang/String;)Z+23
j  org.eclipse.cdt.internal.ui.text.spelling.engine.DefaultSpellChecker.isCorrect(Ljava/lang/String;)Z+71
j  org.eclipse.cdt.internal.ui.text.spelling.engine.DefaultSpellChecker.execute(Lorg/eclipse/cdt/internal/ui/text/spelling/engine/ISpellCheckIterator;)V+150
j  org.eclipse.cdt.internal.ui.text.spelling.CSpellingEngine.check(Lorg/eclipse/jface/text/IDocument;[Lorg/eclipse/jface/text/IRegion;Lorg/eclipse/cdt/internal/ui/text/spelling/engine/ISpellChecker;Lorg/eclipse/ui/texteditor/spelling/ISpellingProblemCollector;Lorg/eclipse/core/runtime/IProgressMonitor;)V+563
j  org.eclipse.cdt.internal.ui.text.spelling.SpellingEngine.check(Lorg/eclipse/jface/text/IDocument;[Lorg/eclipse/jface/text/IRegion;Lorg/eclipse/ui/texteditor/spelling/SpellingContext;Lorg/eclipse/ui/texteditor/spelling/ISpellingProblemCollector;Lorg/eclipse/core/runtime/IProgressMonitor;)V+33
j  org.eclipse.cdt.internal.ui.text.spelling.CSpellingService$1.run()V+27
J  org.eclipse.core.runtime.SafeRunner.run(Lorg/eclipse/core/runtime/ISafeRunnable;)V
j  org.eclipse.ui.texteditor.spelling.SpellingReconcileStrategy.reconcile(Lorg/eclipse/jface/text/IRegion;)V+46
j  org.eclipse.cdt.internal.ui.text.spelling.CSpellingReconcileStrategy.reconcile(Lorg/eclipse/jface/text/IRegion;)V+16
j  org.eclipse.ui.texteditor.spelling.SpellingReconcileStrategy.initialReconcile()V+18
j  org.eclipse.cdt.internal.ui.text.CompositeReconcilingStrategy.initialReconcile()V+36
j  org.eclipse.cdt.internal.ui.text.CCompositeReconcilingStrategy.initialReconcile()V+16
j  org.eclipse.jface.text.reconciler.MonoReconciler.initialProcess()V+19
j  org.eclipse.cdt.internal.ui.text.CReconciler.initialProcess()V+1
j  org.eclipse.jface.text.reconciler.AbstractReconciler$BackgroundThread.run()V+52
v  ~StubRoutines::call_stub
V  [libjvm.so+0x203db2]
V  [libjvm.so+0x302879]
V  [libjvm.so+0x202d4f]
V  [libjvm.so+0x2031aa]
V  [libjvm.so+0x203308]
V  [libjvm.so+0x255670]
V  [libjvm.so+0x3b15ec]
V  [libjvm.so+0x3b16b2]
V  [libjvm.so+0x3092a1]
C  [libpthread.so.0+0x5cc9]


---------------  P R O C E S S  ---------------

Java Threads: ( => current thread )
  0xb4ca3800 JavaThread "Worker-10" [_thread_blocked, id=11982, stack(0xb1ab7000,0xb1b08000)]
=>0x099b3400 JavaThread "org.eclipse.cdt.internal.ui.text.CReconciler" daemon [_thread_in_Java, id=11981, stack(0xb210b000,0xb215c000)]
  0xb20f4400 JavaThread "Worker-9" [_thread_in_native, id=11970, stack(0xaed8b000,0xaeddc000)]
  0xb4715c00 JavaThread "Worker-8" [_thread_in_native, id=11957, stack(0xb1a15000,0xb1a66000)]
  0x0951ac00 JavaThread "[ThreadPool Manager] - Idle Thread" daemon [_thread_blocked, id=4594, stack(0xaede9000,0xaee3a000)]
  0xb20ab400 JavaThread "Bundle File Closer" daemon [_thread_blocked, id=4578, stack(0xb1986000,0xb19d7000)]
  0x09986c00 JavaThread "Worker-5" [_thread_blocked, id=4576, stack(0xb1a66000,0xb1ab7000)]
  0x09327800 JavaThread "Worker-3" [_thread_blocked, id=4574, stack(0xb1b08000,0xb1b59000)]
  0x0951a400 JavaThread "Worker-0" [_thread_blocked, id=4510, stack(0xb4956000,0xb49a7000)]
  0xb4cd3000 JavaThread "Worker-JM" [_thread_blocked, id=4503, stack(0xb48a6000,0xb48f7000)]
  0x0927b800 JavaThread "[Timer] - Main Queue Handler" daemon [_thread_blocked, id=4502, stack(0xb4905000,0xb4956000)]
  0x09262400 JavaThread "Framework Event Dispatcher" daemon [_thread_blocked, id=4500, stack(0xb49a9000,0xb49fa000)]
  0xb4c51000 JavaThread "Start Level Event Dispatcher" daemon [_thread_blocked, id=4499, stack(0xb49fa000,0xb4a4b000)]
  0xb4c88400 JavaThread "State Data Manager" daemon [_thread_blocked, id=4498, stack(0xb4a4b000,0xb4a9c000)]
  0xb4c00c00 JavaThread "Low Memory Detector" daemon [_thread_blocked, id=4496, stack(0xb4b2e000,0xb4b7f000)]
  0x091e6400 JavaThread "CompilerThread0" daemon [_thread_blocked, id=4495, stack(0xb4b7f000,0xb4c00000)]
  0x091e4c00 JavaThread "Signal Dispatcher" daemon [_thread_blocked, id=4494, stack(0xb4d22000,0xb4d73000)]
  0x091e0c00 JavaThread "Finalizer" daemon [_thread_blocked, id=4493, stack(0xb4d73000,0xb4dc4000)]
  0x091dc000 JavaThread "Reference Handler" daemon [_thread_blocked, id=4492, stack(0xb4dc4000,0xb4e15000)]
  0x091ad800 JavaThread "main" [_thread_in_native, id=4478, stack(0xbf84e000,0xbf89e000)]

Other Threads:
  0x091da800 VMThread [stack: 0xb4e15000,0xb4e96000] [id=4491]
  0xb4c03400 WatcherThread [stack: 0xb4aad000,0xb4b2e000] [id=4497]

VM state:not at safepoint (normal execution)

VM Mutex/Monitor currently owned by a thread: None

Heap
 def new generation   total 14400K, used 4383K [0x6b820000, 0x6c7b0000, 0x73820000)
  eden space 12864K,  22% used [0x6b820000, 0x6bae7ee0, 0x6c4b0000)
  from space 1536K, 100% used [0x6c4b0000, 0x6c630000, 0x6c630000)
  to   space 1536K,   0% used [0x6c630000, 0x6c630000, 0x6c7b0000)
 tenured generation   total 31744K, used 14853K [0x73820000, 0x75720000, 0x83820000)
   the space 31744K,  46% used [0x73820000, 0x746a1590, 0x746a1600, 0x75720000)
 compacting perm gen  total 45568K, used 45357K [0x83820000, 0x864a0000, 0x93820000)
   the space 45568K,  99% used [0x83820000, 0x8646b608, 0x8646b800, 0x864a0000)
    ro space 10240K,  73% used [0x93820000, 0x93f76e28, 0x93f77000, 0x94220000)
    rw space 12288K,  60% used [0x94220000, 0x9495f9f8, 0x9495fa00, 0x94e20000)

Dynamic libraries:
00110000-0011c000 r-xp 00000000 08:07 2093407    /home/hm/eclipses/CDT/plugins/org.eclipse.equinox.launcher.gtk.linux.x86_1.1.1.R36x_v20100810/eclipse_1309.so
0011c000-0011d000 rw-p 0000c000 08:07 2093407    /home/hm/eclipses/CDT/plugins/org.eclipse.equinox.launcher.gtk.linux.x86_1.1.1.R36x_v20100810/eclipse_1309.so
0011d000-00150000 r-xp 00000000 08:05 2694       /lib/libpcre.so.3.12.1
00150000-00151000 r--p 00032000 08:05 2694       /lib/libpcre.so.3.12.1
00151000-00152000 rw-p 00033000 08:05 2694       /lib/libpcre.so.3.12.1
00152000-00191000 r-xp 00000000 08:05 10146      /usr/lib/libpango-1.0.so.0.2800.2
00191000-00192000 ---p 0003f000 08:05 10146      /usr/lib/libpango-1.0.so.0.2800.2
00192000-00193000 r--p 0003f000 08:05 10146      /usr/lib/libpango-1.0.so.0.2800.2
00193000-00194000 rw-p 00040000 08:05 10146      /usr/lib/libpango-1.0.so.0.2800.2
00194000-00196000 r-xp 00000000 08:05 8509       /usr/lib/libgmodule-2.0.so.0.2600.0
00196000-00197000 r--p 00002000 08:05 8509       /usr/lib/libgmodule-2.0.so.0.2600.0
00197000-00198000 rw-p 00003000 08:05 8509       /usr/lib/libgmodule-2.0.so.0.2600.0
00198000-0019a000 r-xp 00000000 08:05 8168       /usr/lib/libXdamage.so.1.1.0
0019a000-0019b000 r--p 00001000 08:05 8168       /usr/lib/libXdamage.so.1.1.0
0019b000-0019c000 rw-p 00002000 08:05 8168       /usr/lib/libXdamage.so.1.1.0
0019c000-0019e000 r-xp 00000000 08:05 8159       /usr/lib/libXau.so.6.0.0
0019e000-0019f000 r--p 00001000 08:05 8159       /usr/lib/libXau.so.6.0.0
0019f000-001a0000 rw-p 00002000 08:05 8159       /usr/lib/libXau.so.6.0.0
001a0000-001b5000 r-xp 00000000 08:05 8012       /lib/libpthread-2.12.1.so
001b5000-001b6000 ---p 00015000 08:05 8012       /lib/libpthread-2.12.1.so
001b6000-001b7000 r--p 00015000 08:05 8012       /lib/libpthread-2.12.1.so
001b7000-001b8000 rw-p 00016000 08:05 8012       /lib/libpthread-2.12.1.so
001b8000-001ba000 rw-p 00000000 00:00 0 
001ba000-0024e000 r-xp 00000000 08:05 8475       /usr/lib/libgdk-x11-2.0.so.0.2200.0
0024e000-00250000 r--p 00094000 08:05 8475       /usr/lib/libgdk-x11-2.0.so.0.2200.0
00250000-00251000 rw-p 00096000 08:05 8475       /usr/lib/libgdk-x11-2.0.so.0.2200.0
00251000-00268000 r-xp 00000000 08:05 8477       /usr/lib/libgdk_pixbuf-2.0.so.0.2200.0
00268000-00269000 r--p 00017000 08:05 8477       /usr/lib/libgdk_pixbuf-2.0.so.0.2200.0
00269000-0026a000 rw-p 00018000 08:05 8477       /usr/lib/libgdk_pixbuf-2.0.so.0.2200.0
0026a000-00272000 r-xp 00000000 08:05 8194       /usr/lib/libXrender.so.1.3.0
00272000-00273000 r--p 00007000 08:05 8194       /usr/lib/libXrender.so.1.3.0
00273000-00274000 rw-p 00008000 08:05 8194       /usr/lib/libXrender.so.1.3.0
00274000-00284000 r-xp 00000000 08:05 8013       /lib/libresolv-2.12.1.so
00284000-00285000 r--p 00010000 08:05 8013       /lib/libresolv-2.12.1.so
00285000-00286000 rw-p 00011000 08:05 8013       /lib/libresolv-2.12.1.so
00286000-00288000 rw-p 00000000 00:00 0 
00288000-002ac000 r-xp 00000000 08:05 2629       /lib/libexpat.so.1.5.2
002ac000-002ae000 r--p 00024000 08:05 2629       /lib/libexpat.so.1.5.2
002ae000-002af000 rw-p 00026000 08:05 2629       /lib/libexpat.so.1.5.2
002af000-002b5000 r-xp 00000000 08:05 9117       /usr/lib/libxcb-render.so.0.0.0
002b5000-002b6000 r--p 00005000 08:05 9117       /usr/lib/libxcb-render.so.0.0.0
002b6000-002b7000 rw-p 00006000 08:05 9117       /usr/lib/libxcb-render.so.0.0.0
002b7000-002b9000 r-xp 00000000 08:05 130484     /usr/lib/pango/1.6.0/modules/pango-basic-fc.so
002b9000-002ba000 r--p 00001000 08:05 130484     /usr/lib/pango/1.6.0/modules/pango-basic-fc.so
002ba000-002bb000 rw-p 00002000 08:05 130484     /usr/lib/pango/1.6.0/modules/pango-basic-fc.so
002bb000-002df000 r-xp 00000000 08:05 7587       /lib/libm-2.12.1.so
002df000-002e0000 r--p 00023000 08:05 7587       /lib/libm-2.12.1.so
002e0000-002e1000 rw-p 00024000 08:05 7587       /lib/libm-2.12.1.so
002e1000-003c9000 r-xp 00000000 08:05 8491       /usr/lib/libgio-2.0.so.0.2600.0
003c9000-003cb000 r--p 000e7000 08:05 8491       /usr/lib/libgio-2.0.so.0.2600.0
003cb000-003cc000 rw-p 000e9000 08:05 8491       /usr/lib/libgio-2.0.so.0.2600.0
003cc000-003cd000 rw-p 00000000 00:00 0 
003cd000-003e5000 r-xp 00000000 08:05 9121       /usr/lib/libxcb.so.1.1.0
003e5000-003e6000 r--p 00017000 08:05 9121       /usr/lib/libxcb.so.1.1.0
003e6000-003e7000 rw-p 00018000 08:05 9121       /usr/lib/libxcb.so.1.1.0
003e7000-003ff000 r-xp 00000000 08:05 8235       /usr/lib/libatk-1.0.so.0.3209.1
003ff000-00400000 ---p 00018000 08:05 8235       /usr/lib/libatk-1.0.so.0.3209.1
00400000-00401000 r--p 00018000 08:05 8235       /usr/lib/libatk-1.0.so.0.3209.1
00401000-00402000 rw-p 00019000 08:05 8235       /usr/lib/libatk-1.0.so.0.3209.1
00402000-00408000 r-xp 00000000 08:05 7972       /lib/libnss_compat-2.12.1.so
00408000-00409000 r--p 00006000 08:05 7972       /lib/libnss_compat-2.12.1.so
00409000-0040a000 rw-p 00007000 08:05 7972       /lib/libnss_compat-2.12.1.so
0040a000-0040e000 r-xp 00000000 08:05 8288       /usr/lib/libcanberra-gtk.so.0.1.6
0040e000-0040f000 r--p 00003000 08:05 8288       /usr/lib/libcanberra-gtk.so.0.1.6
0040f000-00410000 rw-p 00004000 08:05 8288       /usr/lib/libcanberra-gtk.so.0.1.6
00410000-00413000 r-xp 00000000 08:05 8619       /usr/lib/libgthread-2.0.so.0.2600.0
00413000-00414000 r--p 00003000 08:05 8619       /usr/lib/libgthread-2.0.so.0.2600.0
00414000-00415000 rw-p 00004000 08:05 8619       /usr/lib/libgthread-2.0.so.0.2600.0
00415000-0041a000 r-xp 00000000 08:05 133909     /usr/lib/gtk-2.0/modules/libcanberra-gtk-module.so
0041a000-0041b000 r--p 00004000 08:05 133909     /usr/lib/gtk-2.0/modules/libcanberra-gtk-module.so
0041b000-0041c000 rw-p 00005000 08:05 133909     /usr/lib/gtk-2.0/modules/libcanberra-gtk-module.so
0041c000-0042a000 r-xp 00000000 08:05 8290       /usr/lib/libcanberra.so.0.2.4
0042a000-0042b000 r--p 0000d000 08:05 8290       /usr/lib/libcanberra.so.0.2.4
0042b000-0042c000 rw-p 0000e000 08:05 8290       /usr/lib/libcanberra.so.0.2.4
0042c000-0042f000 r-xp 00000000 08:05 133330     /usr/lib/gdk-pixbuf-2.0/2.10.0/loaders/libpixbufloader-bmp.so
0042f000-00430000 r--p 00002000 08:05 133330     /usr/lib/gdk-pixbuf-2.0/2.10.0/loaders/libpixbufloader-bmp.so
00430000-00431000 rw-p 00003000 08:05 133330     /usr/lib/gdk-pixbuf-2.0/2.10.0/loaders/libpixbufloader-bmp.so
00431000-0044d000 r-xp 00000000 08:05 6735       /lib/ld-2.12.1.so
0044d000-0044e000 r--p 0001b000 08:05 6735       /lib/ld-2.12.1.so
0044e000-0044f000 rw-p 0001c000 08:05 6735       /lib/ld-2.12.1.so
0044f000-004c1000 r-xp 00000000 08:05 6828       /usr/lib/libfreetype.so.6.6.0
004c1000-004c5000 r--p 00071000 08:05 6828       /usr/lib/libfreetype.so.6.6.0
004c5000-004c6000 rw-p 00075000 08:05 6828       /usr/lib/libfreetype.so.6.6.0
004c6000-004cd000 r-xp 00000000 08:05 9082       /usr/lib/libvorbisfile.so.3.3.2
004cd000-004ce000 r--p 00006000 08:05 9082       /usr/lib/libvorbisfile.so.3.3.2
004ce000-004cf000 rw-p 00007000 08:05 9082       /usr/lib/libvorbisfile.so.3.3.2
004cf000-004d4000 r-xp 00000000 08:05 8842       /usr/lib/libogg.so.0.7.0
004d4000-004d5000 r--p 00004000 08:05 8842       /usr/lib/libogg.so.0.7.0
004d5000-004d6000 rw-p 00005000 08:05 8842       /usr/lib/libogg.so.0.7.0
004d6000-004e3000 r-xp 00000000 08:05 9027       /usr/lib/libtdb.so.1.2.1
004e3000-004e4000 r--p 0000c000 08:05 9027       /usr/lib/libtdb.so.1.2.1
004e4000-004e5000 rw-p 0000d000 08:05 9027       /usr/lib/libtdb.so.1.2.1
004e5000-004ec000 r-xp 00000000 08:05 133888     /usr/lib/gtk-2.0/2.10.0/engines/libpixmap.so
004ec000-004ed000 ---p 00007000 08:05 133888     /usr/lib/gtk-2.0/2.10.0/engines/libpixmap.so
004ed000-004ee000 r--p 00007000 08:05 133888     /usr/lib/gtk-2.0/2.10.0/engines/libpixmap.so
004ee000-004ef000 rw-p 00008000 08:05 133888     /usr/lib/gtk-2.0/2.10.0/engines/libpixmap.so
004ef000-004f9000 r-xp 00000000 08:05 10164      /usr/lib/libpangocairo-1.0.so.0.2800.2
004f9000-004fa000 r--p 00009000 08:05 10164      /usr/lib/libpangocairo-1.0.so.0.2800.2
004fa000-004fb000 rw-p 0000a000 08:05 10164      /usr/lib/libpangocairo-1.0.so.0.2800.2
004fb000-00506000 r-xp 00000000 08:05 159326     /usr/lib/jvm/java-6-openjdk/jre/lib/i386/libverify.so
00506000-00507000 ---p 0000b000 08:05 159326     /usr/lib/jvm/java-6-openjdk/jre/lib/i386/libverify.so
00507000-00508000 r--p 0000b000 08:05 159326     /usr/lib/jvm/java-6-openjdk/jre/lib/i386/libverify.so
00508000-00509000 rw-p 0000c000 08:05 159326     /usr/lib/jvm/java-6-openjdk/jre/lib/i386/libverify.so
00509000-0050f000 r-xp 00000000 08:05 159329     /usr/lib/jvm/java-6-openjdk/jre/lib/i386/native_threads/libhpi.so
0050f000-00510000 r--p 00005000 08:05 159329     /usr/lib/jvm/java-6-openjdk/jre/lib/i386/native_threads/libhpi.so
00510000-00511000 rw-p 00006000 08:05 159329     /usr/lib/jvm/java-6-openjdk/jre/lib/i386/native_threads/libhpi.so
00511000-00512000 r-xp 00000000 08:05 133341     /usr/lib/gdk-pixbuf-2.0/2.10.0/loaders/libpixbufloader-svg.so
00512000-00513000 r--p 00000000 08:05 133341     /usr/lib/gdk-pixbuf-2.0/2.10.0/loaders/libpixbufloader-svg.so
00513000-00514000 rw-p 00001000 08:05 133341     /usr/lib/gdk-pixbuf-2.0/2.10.0/loaders/libpixbufloader-svg.so
00514000-00538000 r-xp 00000000 08:05 10191      /usr/lib/libpangoft2-1.0.so.0.2800.2
00538000-00539000 r--p 00023000 08:05 10191      /usr/lib/libpangoft2-1.0.so.0.2800.2
00539000-0053a000 rw-p 00024000 08:05 10191      /usr/lib/libpangoft2-1.0.so.0.2800.2
0053a000-00560000 r-xp 00000000 08:05 9078       /usr/lib/libvorbis.so.0.4.4
00560000-00561000 r--p 00025000 08:05 9078       /usr/lib/libvorbis.so.0.4.4
00561000-00562000 rw-p 00026000 08:05 9078       /usr/lib/libvorbis.so.0.4.4
00562000-00568000 r-xp 00000000 08:05 159327     /usr/lib/jvm/java-6-openjdk/jre/lib/i386/libzip.so
00568000-00569000 r--p 00005000 08:05 159327     /usr/lib/jvm/java-6-openjdk/jre/lib/i386/libzip.so
00569000-0056a000 rw-p 00006000 08:05 159327     /usr/lib/jvm/java-6-openjdk/jre/lib/i386/libzip.so
0056b000-00638000 r-xp 00000000 08:05 2640       /lib/libglib-2.0.so.0.2600.0
00638000-00639000 r--p 000cc000 08:05 2640       /lib/libglib-2.0.so.0.2600.0
00639000-0063a000 rw-p 000cd000 08:05 2640       /lib/libglib-2.0.so.0.2600.0
0063a000-00667000 r-xp 00000000 08:05 133887     /usr/lib/gtk-2.0/2.10.0/engines/libmurrine.so
00667000-00668000 r--p 0002c000 08:05 133887     /usr/lib/gtk-2.0/2.10.0/engines/libmurrine.so
00668000-00669000 rw-p 0002d000 08:05 133887     /usr/lib/gtk-2.0/2.10.0/engines/libmurrine.so
00669000-00671000 r-xp 00000000 08:05 8166       /usr/lib/libXcursor.so.1.0.2
00671000-00672000 r--p 00007000 08:05 8166       /usr/lib/libXcursor.so.1.0.2
00672000-00673000 rw-p 00008000 08:05 8166       /usr/lib/libXcursor.so.1.0.2
00673000-006cf000 r-xp 00000000 08:05 8885       /usr/lib/libpixman-1.so.0.18.4
006cf000-006d2000 r--p 0005c000 08:05 8885       /usr/lib/libpixman-1.so.0.18.4
006d2000-006d3000 rw-p 0005f000 08:05 8885       /usr/lib/libpixman-1.so.0.18.4
006d3000-006f5000 r-xp 00000000 08:05 159310     /usr/lib/jvm/java-6-openjdk/jre/lib/i386/libjava.so
006f5000-006f6000 r--p 00021000 08:05 159310     /usr/lib/jvm/java-6-openjdk/jre/lib/i386/libjava.so
006f6000-006f8000 rw-p 00022000 08:05 159310     /usr/lib/jvm/java-6-openjdk/jre/lib/i386/libjava.so
006f8000-006ff000 r-xp 00000000 08:05 159321     /usr/lib/jvm/java-6-openjdk/jre/lib/i386/libnio.so
006ff000-00700000 r--p 00006000 08:05 159321     /usr/lib/jvm/java-6-openjdk/jre/lib/i386/libnio.so
00700000-00701000 rw-p 00007000 08:05 159321     /usr/lib/jvm/java-6-openjdk/jre/lib/i386/libnio.so
00701000-00702000 r-xp 00000000 00:00 0          [vdso]
00702000-00716000 r-xp 00000000 08:05 159320     /usr/lib/jvm/java-6-openjdk/jre/lib/i386/libnet.so
00716000-00717000 r--p 00013000 08:05 159320     /usr/lib/jvm/java-6-openjdk/jre/lib/i386/libnet.so
00717000-00718000 rw-p 00014000 08:05 159320     /usr/lib/jvm/java-6-openjdk/jre/lib/i386/libnet.so
00718000-0071c000 r-xp 00000000 08:05 8200       /usr/lib/libXtst.so.6.1.0
0071c000-0071d000 r--p 00003000 08:05 8200       /usr/lib/libXtst.so.6.1.0
0071d000-0071e000 rw-p 00004000 08:05 8200       /usr/lib/libXtst.so.6.1.0
0071e000-00722000 r-xp 00000000 08:05 133337     /usr/lib/gdk-pixbuf-2.0/2.10.0/loaders/libpixbufloader-png.so
00722000-00723000 r--p 00003000 08:05 133337     /usr/lib/gdk-pixbuf-2.0/2.10.0/loaders/libpixbufloader-png.so
00723000-00724000 rw-p 00004000 08:05 133337     /usr/lib/gdk-pixbuf-2.0/2.10.0/loaders/libpixbufloader-png.so
00724000-00729000 r-xp 00000000 08:05 133331     /usr/lib/gdk-pixbuf-2.0/2.10.0/loaders/libpixbufloader-gif.so
00729000-0072a000 r--p 00004000 08:05 133331     /usr/lib/gdk-pixbuf-2.0/2.10.0/loaders/libpixbufloader-gif.so
0072a000-0072b000 rw-p 00005000 08:05 133331     /usr/lib/gdk-pixbuf-2.0/2.10.0/loaders/libpixbufloader-gif.so
0072b000-0072f000 r-xp 00000000 08:05 132835     /usr/lib/gtk-2.0/2.10.0/immodules/im-ibus.so
0072f000-00730000 r--p 00003000 08:05 132835     /usr/lib/gtk-2.0/2.10.0/immodules/im-ibus.so
00730000-00731000 rw-p 00004000 08:05 132835     /usr/lib/gtk-2.0/2.10.0/immodules/im-ibus.so
00731000-00744000 r-xp 00000000 08:05 4767       /usr/lib/libgvfscommon.so.0.0.0
00744000-00745000 r--p 00012000 08:05 4767       /usr/lib/libgvfscommon.so.0.0.0
00745000-00746000 rw-p 00013000 08:05 4767       /usr/lib/libgvfscommon.so.0.0.0
00746000-00750000 r-xp 00000000 08:05 2613       /lib/libudev.so.0.9.1
00750000-00751000 r--p 00009000 08:05 2613       /lib/libudev.so.0.9.1
00751000-00752000 rw-p 0000a000 08:05 2613       /lib/libudev.so.0.9.1
00752000-00754000 r-xp 00000000 08:07 2095938    /home/hm/eclipses/CDT/configuration/org.eclipse.osgi/bundles/63/1/.cp/os/linux/x86/libunixfile_1_0_0.so
00754000-00755000 rw-p 00001000 08:07 2095938    /home/hm/eclipses/CDT/configuration/org.eclipse.osgi/bundles/63/1/.cp/os/linux/x86/libunixfile_1_0_0.so
00755000-00783000 r-xp 00000000 08:05 8434       /usr/lib/libfontconfig.so.1.4.4
00783000-00784000 r--p 0002d000 08:05 8434       /usr/lib/libfontconfig.so.1.4.4
00784000-00785000 rw-p 0002e000 08:05 8434       /usr/lib/libfontconfig.so.1.4.4
00785000-0078e000 r-xp 00000000 08:07 2094252    /home/hm/eclipses/CDT/configuration/org.eclipse.osgi/bundles/197/1/.cp/libswt-atk-gtk-3655.so
0078e000-0078f000 rw-p 00008000 08:07 2094252    /home/hm/eclipses/CDT/configuration/org.eclipse.osgi/bundles/197/1/.cp/libswt-atk-gtk-3655.so
0078f000-00799000 r-xp 00000000 08:07 2094294    /home/hm/eclipses/CDT/configuration/org.eclipse.osgi/bundles/197/1/.cp/libswt-cairo-gtk-3655.so
00799000-0079a000 rw-p 00009000 08:07 2094294    /home/hm/eclipses/CDT/configuration/org.eclipse.osgi/bundles/197/1/.cp/libswt-cairo-gtk-3655.so
0079b000-007a9000 r-xp 00000000 08:05 8172       /usr/lib/libXext.so.6.4.0
007a9000-007aa000 r--p 0000d000 08:05 8172       /usr/lib/libXext.so.6.4.0
007aa000-007ab000 rw-p 0000e000 08:05 8172       /usr/lib/libXext.so.6.4.0
007ab000-007b0000 r-xp 00000000 08:07 2095858    /home/hm/eclipses/CDT/configuration/org.eclipse.osgi/bundles/197/1/.cp/libswt-xpcominit-gtk-3655.so
007b0000-007b2000 rw-p 00005000 08:07 2095858    /home/hm/eclipses/CDT/configuration/org.eclipse.osgi/bundles/197/1/.cp/libswt-xpcominit-gtk-3655.so
007b2000-007b5000 r-xp 00000000 08:05 8886       /usr/lib/libplc4.so
007b5000-007b6000 r--p 00002000 08:05 8886       /usr/lib/libplc4.so
007b6000-007b7000 rw-p 00003000 08:05 8886       /usr/lib/libplc4.so
007b7000-007b9000 r-xp 00000000 08:05 9111       /usr/lib/libxcb-aux.so.0.0.0
007b9000-007ba000 r--p 00001000 08:05 9111       /usr/lib/libxcb-aux.so.0.0.0
007ba000-007bb000 rw-p 00002000 08:05 9111       /usr/lib/libxcb-aux.so.0.0.0
007bc000-00913000 r-xp 00000000 08:05 7153       /lib/libc-2.12.1.so
00913000-00915000 r--p 00157000 08:05 7153       /lib/libc-2.12.1.so
00915000-00916000 rw-p 00159000 08:05 7153       /lib/libc-2.12.1.so
00916000-00919000 rw-p 00000000 00:00 0 
00919000-0091c000 r-xp 00000000 08:05 9109       /usr/lib/libxcb-atom.so.1.0.0
0091c000-0091d000 r--p 00002000 08:05 9109       /usr/lib/libxcb-atom.so.1.0.0
0091d000-0091e000 rw-p 00003000 08:05 9109       /usr/lib/libxcb-atom.so.1.0.0
00920000-00960000 r-xp 00000000 08:05 8545       /usr/lib/libgobject-2.0.so.0.2600.0
00960000-00961000 r--p 00040000 08:05 8545       /usr/lib/libgobject-2.0.so.0.2600.0
00961000-00962000 rw-p 00041000 08:05 8545       /usr/lib/libgobject-2.0.so.0.2600.0
00962000-0099c000 r-xp 00000000 08:05 1609       /lib/libdbus-1.so.3.5.2
0099c000-0099d000 r--p 00039000 08:05 1609       /lib/libdbus-1.so.3.5.2
0099d000-0099e000 rw-p 0003a000 08:05 1609       /lib/libdbus-1.so.3.5.2
0099e000-009a1000 r-xp 00000000 08:05 1515       /lib/libuuid.so.1.3.0
009a1000-009a2000 r--p 00002000 08:05 1515       /lib/libuuid.so.1.3.0
009a2000-009a3000 rw-p 00003000 08:05 1515       /lib/libuuid.so.1.3.0
009a6000-009ac000 r-xp 00000000 08:05 8192       /usr/lib/libXrandr.so.2.2.0
009ac000-009ad000 r--p 00005000 08:05 8192       /usr/lib/libXrandr.so.2.2.0
009ad000-009ae000 rw-p 00006000 08:05 8192       /usr/lib/libXrandr.so.2.2.0
009ae000-009b1000 r-xp 00000000 08:05 411877     /usr/lib/xulrunner-1.9.2.13/libxpcom.so
009b1000-009b2000 r--p 00002000 08:05 411877     /usr/lib/xulrunner-1.9.2.13/libxpcom.so
009b2000-009b3000 rw-p 00003000 08:05 411877     /usr/lib/xulrunner-1.9.2.13/libxpcom.so
009b3000-009cd000 r-xp 00000000 08:05 2718       /lib/libselinux.so.1
009cd000-009ce000 r--p 00019000 08:05 2718       /lib/libselinux.so.1
009ce000-009cf000 rw-p 0001a000 08:05 2718       /lib/libselinux.so.1
009cf000-009d6000 r-xp 00000000 08:05 9009       /usr/lib/libstartup-notification-1.so.0.0.0
009d6000-009d7000 r--p 00006000 08:05 9009       /usr/lib/libstartup-notification-1.so.0.0.0
009d7000-009d8000 rw-p 00007000 08:05 9009       /usr/lib/libstartup-notification-1.so.0.0.0
009da000-009dc000 r-xp 00000000 08:05 8182       /usr/lib/libXinerama.so.1.0.0
009dc000-009dd000 r--p 00001000 08:05 8182       /usr/lib/libXinerama.so.1.0.0
009dd000-009de000 rw-p 00002000 08:05 8182       /usr/lib/libXinerama.so.1.0.0
009de000-00a8c000 r-xp 00000000 08:05 7606       /usr/lib/libcairo.so.2.11000.0
00a8c000-00a8d000 ---p 000ae000 08:05 7606       /usr/lib/libcairo.so.2.11000.0
00a8d000-00a8e000 r--p 000ae000 08:05 7606       /usr/lib/libcairo.so.2.11000.0
00a8e000-00a8f000 rw-p 000af000 08:05 7606       /usr/lib/libcairo.so.2.11000.0
00a8f000-00a91000 rw-p 00000000 00:00 0 
00a91000-00aa2000 r-xp 00000000 08:05 133937     /usr/lib/gio/modules/libgioremote-volume-monitor.so
00aa2000-00aa3000 r--p 00010000 08:05 133937     /usr/lib/gio/modules/libgioremote-volume-monitor.so
00aa3000-00aa4000 rw-p 00011000 08:05 133937     /usr/lib/gio/modules/libgioremote-volume-monitor.so
00aa4000-00aab000 r-xp 00000000 08:05 8151       /usr/lib/libSM.so.6.0.1
00aab000-00aac000 r--p 00006000 08:05 8151       /usr/lib/libSM.so.6.0.1
00aac000-00aad000 rw-p 00007000 08:05 8151       /usr/lib/libSM.so.6.0.1
00aad000-00aaf000 r-xp 00000000 08:05 131364     /usr/lib/gconv/UTF-16.so
00aaf000-00ab0000 r--p 00001000 08:05 131364     /usr/lib/gconv/UTF-16.so
00ab0000-00ab1000 rw-p 00002000 08:05 131364     /usr/lib/gconv/UTF-16.so
00ab4000-00ac0000 r-xp 00000000 08:05 8180       /usr/lib/libXi.so.6.1.0
00ac0000-00ac1000 r--p 0000b000 08:05 8180       /usr/lib/libXi.so.6.1.0
00ac1000-00ac2000 rw-p 0000c000 08:05 8180       /usr/lib/libXi.so.6.1.0
00ac2000-00bdb000 r-xp 00000000 08:05 8155       /usr/lib/libX11.so.6.3.0
00bdb000-00bdc000 r--p 00118000 08:05 8155       /usr/lib/libX11.so.6.3.0
00bdc000-00bde000 rw-p 00119000 08:05 8155       /usr/lib/libX11.so.6.3.0
00bde000-00bdf000 rw-p 00000000 00:00 0 
00bdf000-00c02000 r-xp 00000000 08:05 133939     /usr/lib/gio/modules/libgvfsdbus.so
00c02000-00c03000 r--p 00022000 08:05 133939     /usr/lib/gio/modules/libgvfsdbus.so
00c03000-00c04000 rw-p 00023000 08:05 133939     /usr/lib/gio/modules/libgvfsdbus.so
00c06000-00c0a000 rwxp 00000000 00:00 0 
00c0a000-00c0c000 r-xp 00000000 08:05 7237       /lib/libdl-2.12.1.so
00c0c000-00c0d000 r--p 00001000 08:05 7237       /lib/libdl-2.12.1.so
00c0d000-00c0e000 rw-p 00002000 08:05 7237       /lib/libdl-2.12.1.so
00c0e000-00c10000 r-xp 00000000 08:05 2674       /lib/libnss_mdns4_minimal.so.2
00c10000-00c11000 r--p 00001000 08:05 2674       /lib/libnss_mdns4_minimal.so.2
00c11000-00c12000 rw-p 00002000 08:05 2674       /lib/libnss_mdns4_minimal.so.2
00c12000-00c14000 r-xp 00000000 08:05 8196       /usr/lib/libXss.so.1.0.0
00c14000-00c15000 r--p 00001000 08:05 8196       /usr/lib/libXss.so.1.0.0
00c15000-00c16000 rw-p 00002000 08:05 8196       /usr/lib/libXss.so.1.0.0
00c16000-00c39000 r-xp 00000000 08:05 2706       /lib/libpng12.so.0.44.0
00c39000-00c3a000 r--p 00022000 08:05 2706       /lib/libpng12.so.0.44.0
00c3a000-00c3b000 rw-p 00023000 08:05 2706       /lib/libpng12.so.0.44.0
00c3b000-00c75000 r-xp 00000000 08:05 24199      /usr/lib/libibus.so.2.0.0
00c75000-00c76000 r--p 00039000 08:05 24199      /usr/lib/libibus.so.2.0.0
00c76000-00c77000 rw-p 0003a000 08:05 24199      /usr/lib/libibus.so.2.0.0
00c77000-00c7b000 r-xp 00000000 08:05 7973       /lib/libnss_dns-2.12.1.so
00c7b000-00c7c000 r--p 00004000 08:05 7973       /lib/libnss_dns-2.12.1.so
00c7c000-00c7d000 rw-p 00005000 08:05 7973       /lib/libnss_dns-2.12.1.so
00c7d000-00c80000 r-xp 00000000 08:07 2095954    /home/hm/eclipses/CDT/configuration/org.eclipse.osgi/bundles/25/1/.cp/os/linux/x86/libspawner.so
00c80000-00c81000 rw-p 00002000 08:07 2095954    /home/hm/eclipses/CDT/configuration/org.eclipse.osgi/bundles/25/1/.cp/os/linux/x86/libspawner.so
00c89000-00c8b000 r-xp 00000000 08:05 9119       /usr/lib/libxcb-shm.so.0.0.0
00c8b000-00c8c000 r--p 00001000 08:05 9119       /usr/lib/libxcb-shm.so.0.0.0
00c8c000-00c8d000 rw-p 00002000 08:05 9119       /usr/lib/libxcb-shm.so.0.0.0
00c8d000-00ca7000 r-xp 00000000 08:05 2636       /lib/libgcc_s.so.1
00ca7000-00ca8000 r--p 00019000 08:05 2636       /lib/libgcc_s.so.1
00ca8000-00ca9000 rw-p 0001a000 08:05 2636       /lib/libgcc_s.so.1
00cb0000-00cb2000 r-xp 00000000 08:05 8017       /lib/libutil-2.12.1.so
00cb2000-00cb3000 r--p 00001000 08:05 8017       /lib/libutil-2.12.1.so
00cb3000-00cb4000 rw-p 00002000 08:05 8017       /lib/libutil-2.12.1.so
00cba000-00cbc000 r-xp 00000000 08:05 8164       /usr/lib/libXcomposite.so.1.0.0
00cbc000-00cbd000 r--p 00001000 08:05 8164       /usr/lib/libXcomposite.so.1.0.0
00cbd000-00cbe000 rw-p 00002000 08:05 8164       /usr/lib/libXcomposite.so.1.0.0
00cbe000-00cd2000 r-xp 00000000 08:05 5200       /usr/lib/libnssutil3.so
00cd2000-00cd3000 ---p 00014000 08:05 5200       /usr/lib/libnssutil3.so
00cd3000-00cd6000 r--p 00014000 08:05 5200       /usr/lib/libnssutil3.so
00cd6000-00cd7000 rw-p 00017000 08:05 5200       /usr/lib/libnssutil3.so
00cda000-00ced000 r-xp 00000000 08:05 7956       /lib/libnsl-2.12.1.so
00ced000-00cee000 r--p 00012000 08:05 7956       /lib/libnsl-2.12.1.so
00cee000-00cef000 rw-p 00013000 08:05 7956       /lib/libnsl-2.12.1.so
00cef000-00cf1000 rw-p 00000000 00:00 0 
00cf1000-00d4a000 r-xp 00000000 08:07 2094242    /home/hm/eclipses/CDT/configuration/org.eclipse.osgi/bundles/197/1/.cp/libswt-pi-gtk-3655.so
00d4a000-00d4c000 rw-p 00058000 08:07 2094242    /home/hm/eclipses/CDT/configuration/org.eclipse.osgi/bundles/197/1/.cp/libswt-pi-gtk-3655.so
00d4c000-00d4d000 rw-p 00000000 00:00 0 
00d50000-00d59000 r-xp 00000000 08:05 8009       /lib/libnss_nis-2.12.1.so
00d59000-00d5a000 r--p 00008000 08:05 8009       /lib/libnss_nis-2.12.1.so
00d5a000-00d5b000 rw-p 00009000 08:05 8009       /lib/libnss_nis-2.12.1.so
00d5b000-00d70000 r-xp 00000000 08:05 8130       /usr/lib/libICE.so.6.3.0
00d70000-00d71000 r--p 00014000 08:05 8130       /usr/lib/libICE.so.6.3.0
00d71000-00d72000 rw-p 00015000 08:05 8130       /usr/lib/libICE.so.6.3.0
00d72000-00d74000 rw-p 00000000 00:00 0 
00d7e000-00d91000 r-xp 00000000 08:05 2751       /lib/libz.so.1.2.3.4
00d91000-00d92000 r--p 00012000 08:05 2751       /lib/libz.so.1.2.3.4
00d92000-00d93000 rw-p 00013000 08:05 2751       /lib/libz.so.1.2.3.4
00d93000-00dc3000 r-xp 00000000 08:05 8956       /usr/lib/librsvg-2.so.2.32.0
00dc3000-00dc4000 r--p 0002f000 08:05 8956       /usr/lib/librsvg-2.so.2.32.0
00dc4000-00dc5000 rw-p 00030000 08:05 8956       /usr/lib/librsvg-2.so.2.32.0
00dc6000-00dca000 r-xp 00000000 08:05 8174       /usr/lib/libXfixes.so.3.1.0
00dca000-00dcb000 r--p 00003000 08:05 8174       /usr/lib/libXfixes.so.3.1.0
00dcb000-00dcc000 rw-p 00004000 08:05 8174       /usr/lib/libXfixes.so.3.1.0
00dcc000-00dfd000 r-xp 00000000 08:05 8324       /usr/lib/libcroco-0.6.so.3.0.1
00dfd000-00dfe000 r--p 00030000 08:05 8324       /usr/lib/libcroco-0.6.so.3.0.1
00dfe000-00e00000 rw-p 00031000 08:05 8324       /usr/lib/libcroco-0.6.so.3.0.1
00e00000-00e30000 r-xp 00000000 08:05 8827       /usr/lib/libnspr4.so
00e30000-00e31000 r--p 0002f000 08:05 8827       /usr/lib/libnspr4.so
00e31000-00e32000 rw-p 00030000 08:05 8827       /usr/lib/libnspr4.so
00e32000-00e34000 rw-p 00000000 00:00 0 
00e3e000-00e40000 r-xp 00000000 08:05 9115       /usr/lib/libxcb-event.so.1.0.0
00e40000-00e41000 r--p 00001000 08:05 9115       /usr/lib/libxcb-event.so.1.0.0
00e41000-00e42000 rw-p 00002000 08:05 9115       /usr/lib/libxcb-event.so.1.0.0
00e43000-00e4a000 r-xp 00000000 08:05 8014       /lib/librt-2.12.1.so
00e4a000-00e4b000 r--p 00006000 08:05 8014       /lib/librt-2.12.1.so
00e4b000-00e4c000 rw-p 00007000 08:05 8014       /lib/librt-2.12.1.so
00e4c000-00e7b000 r-xp 00000000 08:05 5198       /usr/lib/libssl3.so
00e7b000-00e7d000 r--p 0002e000 08:05 5198       /usr/lib/libssl3.so
00e7d000-00e7e000 rw-p 00030000 08:05 5198       /usr/lib/libssl3.so
00e84000-00e86000 r-xp 00000000 08:05 8888       /usr/lib/libplds4.so
00e86000-00e87000 r--p 00001000 08:05 8888       /usr/lib/libplds4.so
00e87000-00e88000 rw-p 00002000 08:05 8888       /usr/lib/libplds4.so
00e88000-00e8b000 r-xp 00000000 08:07 2094241    /home/hm/eclipses/CDT/configuration/org.eclipse.osgi/bundles/197/1/.cp/libswt-gtk-3655.so
00e8b000-00e8c000 rw-p 00002000 08:07 2094241    /home/hm/eclipses/CDT/configuration/org.eclipse.osgi/bundles/197/1/.cp/libswt-gtk-3655.so
00e8c000-00e8d000 rw-p 00000000 00:00 0 
00e8d000-00eae000 r-xp 00000000 08:05 5199       /usr/lib/libsmime3.so
00eae000-00eaf000 ---p 00021000 08:05 5199       /usr/lib/libsmime3.so
00eaf000-00eb1000 r--p 00021000 08:05 5199       /usr/lib/libsmime3.so
00eb1000-00eb2000 rw-p 00023000 08:05 5199       /usr/lib/libsmime3.so
00ebe000-00ec4000 r-xp 00000000 08:05 412030     /usr/lib/xulrunner-1.9.2.13/components/libdbusservice.so
00ec4000-00ec5000 r--p 00006000 08:05 412030     /usr/lib/xulrunner-1.9.2.13/components/libdbusservice.so
00ec5000-00ec6000 rw-p 00007000 08:05 412030     /usr/lib/xulrunner-1.9.2.13/components/libdbusservice.so
00ec7000-00ed1000 r-xp 00000000 08:05 7974       /lib/libnss_files-2.12.1.so
00ed1000-00ed2000 r--p 00009000 08:05 7974       /lib/libnss_files-2.12.1.so
00ed2000-00ed3000 rw-p 0000a000 08:05 7974       /lib/libnss_files-2.12.1.so
00ee9000-00ef0000 r-xp 00000000 08:05 8765       /usr/lib/libltdl.so.7.2.1
00ef0000-00ef1000 r--p 00006000 08:05 8765       /usr/lib/libltdl.so.7.2.1
00ef1000-00ef2000 rw-p 00007000 08:05 8765       /usr/lib/libltdl.so.7.2.1
00ef2000-00f07000 r-xp 00000000 08:07 2095859    /home/hm/eclipses/CDT/configuration/org.eclipse.osgi/bundles/197/1/.cp/libswt-xulrunner-gtk-3655.so
00f07000-00f09000 rw-p 00014000 08:07 2095859    /home/hm/eclipses/CDT/configuration/org.eclipse.osgi/bundles/197/1/.cp/libswt-xulrunner-gtk-3655.so
00f09000-00f0d000 r-xp 00000000 08:05 8170       /usr/lib/libXdmcp.so.6.0.0
00f0d000-00f0e000 r--p 00003000 08:05 8170       /usr/lib/libXdmcp.so.6.0.0
00f0e000-00f0f000 rw-p 00004000 08:05 8170       /usr/lib/libXdmcp.so.6.0.0
00f0f000-012d7000 r-xp 00000000 08:05 8623       /usr/lib/libgtk-x11-2.0.so.0.2200.0
012d7000-012db000 r--p 003c8000 08:05 8623       /usr/lib/libgtk-x11-2.0.so.0.2200.0
012db000-012dd000 rw-p 003cc000 08:05 8623       /usr/lib/libgtk-x11-2.0.so.0.2200.0
012dd000-012df000 rw-p 00000000 00:00 0 
012df000-01401000 r-xp 00000000 08:05 3421       /usr/lib/libxml2.so.2.7.7
01401000-01405000 r--p 00121000 08:05 3421       /usr/lib/libxml2.so.2.7.7
01405000-01406000 rw-p 00125000 08:05 3421       /usr/lib/libxml2.so.2.7.7
01406000-01407000 rw-p 00000000 00:00 0 
01407000-01456000 r-xp 00000000 08:05 8198       /usr/lib/libXt.so.6.0.0
01456000-01457000 r--p 0004e000 08:05 8198       /usr/lib/libXt.so.6.0.0
01457000-0145a000 rw-p 0004f000 08:05 8198       /usr/lib/libXt.so.6.0.0
018d5000-0191e000 r-xp 00000000 08:05 8143       /usr/lib/libORBit-2.so.0.1.0
0191e000-01926000 r--p 00049000 08:05 8143       /usr/lib/libORBit-2.so.0.1.0
01926000-01928000 rw-p 00051000 08:05 8143       /usr/lib/libORBit-2.so.0.1.0
01af9000-01f40000 r-xp 00000000 08:05 159293     /usr/lib/jvm/java-6-openjdk/jre/lib/i386/client/libjvm.so
01f40000-01f57000 r--p 00447000 08:05 159293     /usr/lib/jvm/java-6-openjdk/jre/lib/i386/client/libjvm.so
01f57000-01f64000 rw-p 0045e000 08:05 159293     /usr/lib/jvm/java-6-openjdk/jre/lib/i386/client/libjvm.so
01f64000-02380000 rw-p 00000000 00:00 0 
02380000-03087000 r-xp 00000000 08:05 411878     /usr/lib/xulrunner-1.9.2.13/libxul.so
03087000-03088000 ---p 00d07000 08:05 411878     /usr/lib/xulrunner-1.9.2.13/libxul.so
03088000-03167000 r--p 00d07000 08:05 411878     /usr/lib/xulrunner-1.9.2.13/libxul.so
03167000-03173000 rw-p 00de6000 08:05 411878     /usr/lib/xulrunner-1.9.2.13/libxul.so
03173000-03188000 rw-p 00000000 00:00 0 
03442000-0354e000 r-xp 00000000 08:05 5201       /usr/lib/libnss3.so
0354e000-03551000 r--p 0010b000 08:05 5201       /usr/lib/libnss3.so
03551000-03553000 rw-p 0010e000 08:05 5201       /usr/lib/libnss3.so
0473a000-047c2000 r-xp 00000000 08:05 1535       /usr/lib/libsqlite3.so.0.8.6
047c2000-047c3000 r--p 00088000 08:05 1535       /usr/lib/libsqlite3.so.0.8.6
047c3000-047c4000 rw-p 00089000 08:05 1535       /usr/lib/libsqlite3.so.0.8.6
05f7d000-05fbe000 r-xp 00000000 08:05 8678       /usr/lib/libhunspell-1.2.so.0.0.0
05fbe000-05fbf000 r--p 00040000 08:05 8678       /usr/lib/libhunspell-1.2.so.0.0.0
05fbf000-05fc3000 rw-p 00041000 08:05 8678       /usr/lib/libhunspell-1.2.so.0.0.0
068cf000-0698f000 r-xp 00000000 08:05 4062       /usr/lib/libasound.so.2.0.0
0698f000-06990000 ---p 000c0000 08:05 4062       /usr/lib/libasound.so.2.0.0
06990000-06994000 r--p 000c0000 08:05 4062       /usr/lib/libasound.so.2.0.0
06994000-06995000 rw-p 000c4000 08:05 4062       /usr/lib/libasound.so.2.0.0
06ef4000-06f21000 r-xp 00000000 08:05 3971       /usr/lib/libgconf-2.so.4.1.5
06f21000-06f22000 ---p 0002d000 08:05 3971       /usr/lib/libgconf-2.so.4.1.5
06f22000-06f23000 r--p 0002d000 08:05 3971       /usr/lib/libgconf-2.so.4.1.5
06f23000-06f25000 rw-p 0002e000 08:05 3971       /usr/lib/libgconf-2.so.4.1.5
07e4d000-07e6a000 r-xp 00000000 08:05 8354       /usr/lib/libdbus-glib-1.so.2.1.0
07e6a000-07e6b000 r--p 0001c000 08:05 8354       /usr/lib/libdbus-glib-1.so.2.1.0
07e6b000-07e6c000 rw-p 0001d000 08:05 8354       /usr/lib/libdbus-glib-1.so.2.1.0
08048000-0804c000 r-xp 00000000 08:07 1964982    /home/hm/eclipses/CDT/eclipse
0804c000-0804d000 rw-p 00003000 08:07 1964982    /home/hm/eclipses/CDT/eclipse
087b3000-088fc000 r-xp 00000000 08:05 411876     /usr/lib/xulrunner-1.9.2.13/libmozjs.so
088fc000-088fd000 ---p 00149000 08:05 411876     /usr/lib/xulrunner-1.9.2.13/libmozjs.so
088fd000-088ff000 r--p 00149000 08:05 411876     /usr/lib/xulrunner-1.9.2.13/libmozjs.so
088ff000-08904000 rw-p 0014b000 08:05 411876     /usr/lib/xulrunner-1.9.2.13/libmozjs.so
08904000-08905000 rw-p 00000000 00:00 0 
08b4d000-08c2c000 r-xp 00000000 08:05 9011       /usr/lib/libstdc++.so.6.0.14
08c2c000-08c30000 r--p 000de000 08:05 9011       /usr/lib/libstdc++.so.6.0.14
08c30000-08c31000 rw-p 000e2000 08:05 9011       /usr/lib/libstdc++.so.6.0.14
08c31000-08c38000 rw-p 00000000 00:00 0 
09110000-0a04a000 rw-p 00000000 00:00 0          [heap]
6b820000-6c7b0000 rw-p 00000000 00:00 0 
6c7b0000-73820000 rw-p 00000000 00:00 0 
73820000-75720000 rw-p 00000000 00:00 0 
75720000-83820000 rw-p 00000000 00:00 0 
83820000-864a0000 rw-p 00000000 00:00 0 
864a0000-93820000 rw-p 00000000 00:00 0 
93820000-93f77000 r--s 00001000 08:05 160204     /usr/lib/jvm/java-6-openjdk/jre/lib/i386/client/classes.jsa
93f77000-94220000 rw-p 00000000 00:00 0 
94220000-94960000 rw-p 00758000 08:05 160204     /usr/lib/jvm/java-6-openjdk/jre/lib/i386/client/classes.jsa
94960000-94e20000 rw-p 00000000 00:00 0 
94e20000-94f1b000 rw-p 00e98000 08:05 160204     /usr/lib/jvm/java-6-openjdk/jre/lib/i386/client/classes.jsa
94f1b000-95220000 rw-p 00000000 00:00 0 
95220000-95228000 r-xs 00f93000 08:05 160204     /usr/lib/jvm/java-6-openjdk/jre/lib/i386/client/classes.jsa
95228000-95620000 rw-p 00000000 00:00 0 
aec00000-aecb8000 rw-p 00000000 00:00 0 
aecb8000-aed00000 ---p 00000000 00:00 0 
aed8b000-aed8e000 ---p 00000000 00:00 0 
aed8e000-aeddc000 rw-p 00000000 00:00 0 
aeddc000-aede9000 r--s 000a6000 08:07 2093466    /home/hm/eclipses/CDT/plugins/org.eclipse.compare_3.5.100.I20100526-0800.jar
aede9000-aedec000 ---p 00000000 00:00 0 
aedec000-aee3a000 rw-p 00000000 00:00 0 
aee3a000-aee8b000 r--p 00000000 08:05 20930      /usr/share/fonts/truetype/ttf-dejavu/DejaVuSerif.ttf
aee8b000-aee8c000 ---p 00000000 00:00 0 
aee8c000-af68c000 rw-p 00000000 00:00 0 
af68c000-af6ed000 r--p 00000000 08:05 411972     /usr/lib/xulrunner-1.9.2.13/chrome/classic.jar
af6ed000-af8ee000 r--p 00000000 08:05 411983     /usr/lib/xulrunner-1.9.2.13/chrome/toolkit.jar
af8ee000-af941000 r--p 00000000 08:05 411976     /usr/lib/xulrunner-1.9.2.13/chrome/en-US.jar
af941000-af942000 ---p 00000000 00:00 0 
af942000-b0142000 rw-p 00000000 00:00 0 
b0142000-b0143000 ---p 00000000 00:00 0 
b0143000-b0943000 rw-p 00000000 00:00 0 
b0943000-b0944000 ---p 00000000 00:00 0 
b0944000-b1144000 rw-p 00000000 00:00 0 
b1144000-b1145000 ---p 00000000 00:00 0 
b1145000-b1945000 rw-p 00000000 00:00 0 
b1945000-b1949000 r--s 00031000 08:07 2093504    /home/hm/eclipses/CDT/plugins/org.eclipse.mylyn.bugzilla.core_3.4.2.v20100902-0100-e3x.jar
b1949000-b1952000 r--s 00059000 08:07 2094209    /home/hm/eclipses/CDT/plugins/org.eclipse.mylyn.commons.ui_3.4.0.v20100608-0100-e3x.jar
b1952000-b1958000 r--s 00049000 08:07 2093973    /home/hm/eclipses/CDT/plugins/org.apache.commons.httpclient_3.1.0.v201005080502.jar
b1958000-b1974000 r--s 00141000 08:07 2094192    /home/hm/eclipses/CDT/plugins/org.eclipse.team.ui_3.5.101.R36x_v20100825-0800.jar
b1974000-b1977000 r--s 0000a000 08:07 2093429    /home/hm/eclipses/CDT/plugins/org.eclipse.mylyn.monitor.ui_3.4.0.v20100608-0100-e3x.jar
b1983000-b1986000 r--s 00018000 08:07 2093519    /home/hm/eclipses/CDT/plugins/org.eclipse.equinox.p2.metadata.repository_1.1.0.v20100513.jar
b1986000-b1989000 ---p 00000000 00:00 0 
b1989000-b19d7000 rw-p 00000000 00:00 0 
b19d7000-b19db000 r--s 00021000 08:07 2094079    /home/hm/eclipses/CDT/plugins/org.eclipse.equinox.p2.repository_2.0.1.R36x_v20100823.jar
b19db000-b19e3000 r--s 00049000 08:07 2093506    /home/hm/eclipses/CDT/plugins/org.eclipse.equinox.p2.metadata_2.0.0.v20100601.jar
b19e3000-b19e7000 r--s 00028000 08:07 2093373    /home/hm/eclipses/CDT/plugins/org.eclipse.equinox.p2.engine_2.0.0.v20100606.jar
b19e7000-b19e9000 r--s 0000b000 08:07 2093502    /home/hm/eclipses/CDT/plugins/org.eclipse.equinox.p2.operations_2.0.0.v20100510.jar
b19e9000-b19ec000 r--s 0000c000 08:07 2093464    /home/hm/eclipses/CDT/plugins/org.eclipse.equinox.p2.ui.sdk.scheduler_1.0.0.v20100507-1815.jar
b19ec000-b19f6000 r--s 00084000 08:07 2093517    /home/hm/eclipses/CDT/plugins/org.eclipse.team.cvs.core_3.3.300.I20100526-0800.jar
b19f6000-b1a13000 r--s 0017a000 08:07 2093469    /home/hm/eclipses/CDT/plugins/org.eclipse.team.cvs.ui_3.3.301.R36x_v20100825-0800.jar
b1a13000-b1a15000 r--s 0000a000 08:07 2093421    /home/hm/eclipses/CDT/plugins/org.eclipse.epp.usagedata.recording_1.3.0.R201005261100.jar
b1a15000-b1a18000 ---p 00000000 00:00 0 
b1a18000-b1a66000 rw-p 00000000 00:00 0 
b1a66000-b1a69000 ---p 00000000 00:00 0 
b1a69000-b1ab7000 rw-p 00000000 00:00 0 
b1ab7000-b1aba000 ---p 00000000 00:00 0 
b1aba000-b1b08000 rw-p 00000000 00:00 0 
b1b08000-b1b0b000 ---p 00000000 00:00 0 
b1b0b000-b1b59000 rw-p 00000000 00:00 0 
b1b59000-b1b5b000 r--s 00008000 08:07 2094188    /home/hm/eclipses/CDT/plugins/org.eclipse.epp.usagedata.gathering_1.3.0.R201005261100.jar
b1b5b000-b1b5d000 r--s 0000a000 08:07 2093481    /home/hm/eclipses/CDT/plugins/org.eclipse.ui.net_1.2.100.I20100505-1245.jar
b1b5d000-b1b5f000 r--s 00013000 08:05 151918     /usr/lib/jvm/java-6-openjdk/jre/lib/jce.jar
b1b5f000-b1b62000 r--s 00017000 08:07 2093417    /home/hm/eclipses/CDT/plugins/org.eclipse.equinox.security_1.0.200.v20100503.jar
b1b62000-b1b65000 r--s 0000e000 08:07 2094172    /home/hm/eclipses/CDT/plugins/org.eclipse.core.net_1.2.100.I20100511-0800.jar
b1b67000-b1b71000 r--s 00066000 08:07 2093377    /home/hm/eclipses/CDT/plugins/org.eclipse.ltk.ui.refactoring_3.5.0.v20100526-0800.jar
b1b74000-b1b7a000 r--s 00032000 08:07 2094164    /home/hm/eclipses/CDT/plugins/org.eclipse.mylyn.context.ui_3.4.1.v20100909-0100-e3x.jar
b1b7c000-b1b85000 r--s 0005a000 08:07 2093440    /home/hm/eclipses/CDT/plugins/org.eclipse.ui.navigator_3.5.0.I20100601-0800.jar
b1b85000-b1b89000 r--s 00024000 08:07 2094189    /home/hm/eclipses/CDT/plugins/org.eclipse.ui.console_3.5.0.v20100526.jar
b1b89000-b1ba8000 r--s 0016b000 08:07 2093975    /home/hm/eclipses/CDT/plugins/org.eclipse.mylyn.tasks.ui_3.4.2.v20100902-0100-e3x.jar
b1ba8000-b1bb1000 r--s 00064000 08:07 2094165    /home/hm/eclipses/CDT/plugins/org.eclipse.cdt.make.ui_7.0.0.201009141542.jar
b1bb1000-b1bb5000 r--s 0001a000 08:07 2093419    /home/hm/eclipses/CDT/plugins/org.eclipse.ui.navigator.resources_3.4.201.M20100707-0800.jar
b1bb5000-b1bb7000 r--s 0000e000 08:07 2093978    /home/hm/eclipses/CDT/plugins/org.eclipse.compare.core_3.5.100.I20100526-0800.jar
b1bb7000-b1bbc000 r--s 00044000 08:07 2094203    /home/hm/eclipses/CDT/plugins/org.eclipse.ui.forms_3.5.2.r36_v20100702.jar
b1bc5000-b1bfc000 r--p 00000000 08:05 55792      /usr/share/fonts/truetype/ttf-dejavu/DejaVuSansMono-BoldOblique.ttf
b1bfc000-b1c35000 r--p 00000000 08:05 55793      /usr/share/fonts/truetype/ttf-dejavu/DejaVuSansMono-Oblique.ttf
b1c35000-b1c7f000 r--p 00000000 08:05 20927      /usr/share/fonts/truetype/ttf-dejavu/DejaVuSansMono-Bold.ttf
b1c81000-b1cd8000 r--p 00000000 08:05 7749       /usr/share/fonts/truetype/ubuntu-font-family/Ubuntu-BI.ttf
b1cd8000-b1d35000 r--p 00000000 08:05 9677       /usr/share/fonts/truetype/ubuntu-font-family/Ubuntu-I.ttf
b1d35000-b1d41000 r--s 0006c000 08:07 2093388    /home/hm/eclipses/CDT/plugins/org.eclipse.cdt.debug.core_7.0.0.201009141542.jar
b1d41000-b1d4a000 r--s 00056000 08:07 2093430    /home/hm/eclipses/CDT/plugins/org.eclipse.team.core_3.5.100.R36x_v20100825-0800.jar
b1d4a000-b1d7b000 r--s 00240000 08:07 2093403    /home/hm/eclipses/CDT/plugins/org.eclipse.debug.ui_3.6.1.v20100901_r361.jar
b1d7b000-b1d84000 r--s 00069000 08:07 2094063    /home/hm/eclipses/CDT/plugins/org.eclipse.search_3.6.0.v20100520-0800.jar
b1d84000-b1d87000 ---p 00000000 00:00 0 
b1d87000-b1dd5000 rw-p 00000000 00:00 0 
b1dd5000-b1ddd000 r--s 0004c000 08:07 2093463    /home/hm/eclipses/CDT/plugins/org.eclipse.debug.core_3.6.0.v20100519.jar
b1ddf000-b1de6000 r--s 00048000 08:07 2093462    /home/hm/eclipses/CDT/plugins/org.eclipse.ltk.core.refactoring_3.5.100.v20100526-0800.jar
b1de9000-b1df5000 r--s 00082000 08:07 2094055    /home/hm/eclipses/CDT/plugins/org.eclipse.ui.workbench.texteditor_3.6.1.r361_v20100714-0800.jar
b1df8000-b1e00000 r--s 0005a000 08:07 2094057    /home/hm/eclipses/CDT/plugins/org.eclipse.cdt.managedbuilder.ui_7.0.0.201009141542.jar
b1e00000-b1efc000 rw-p 00000000 00:00 0 
b1efc000-b1f00000 ---p 00000000 00:00 0 
b1f00000-b1f01000 r--s 00008000 08:07 2093357    /home/hm/eclipses/CDT/plugins/org.eclipse.core.net.linux.x86_1.1.100.R36x_v20100825-0800.jar
b1f01000-b1f14000 r--s 000dc000 08:07 2093507    /home/hm/eclipses/CDT/plugins/org.eclipse.jface.text_3.6.1.r361_v20100825-0800.jar
b1f14000-b1f24000 r--s 0010a000 08:07 2093494    /home/hm/eclipses/CDT/plugins/org.eclipse.cdt.managedbuilder.core_7.0.1.201009141542.jar
b1f24000-b1f2d000 r--s 0005c000 08:07 2094068    /home/hm/eclipses/CDT/plugins/org.eclipse.cdt.make.core_7.0.0.201009141542.jar
b1f2d000-b1f32000 r--s 00038000 08:07 2093468    /home/hm/eclipses/CDT/plugins/org.eclipse.text_3.5.0.v20100601-1300.jar
b1f32000-b1f35000 r--s 00019000 08:07 2093495    /home/hm/eclipses/CDT/plugins/org.eclipse.core.filebuffers_3.5.100.v20100520-0800.jar
b1f35000-b1f36000 r--s 00003000 08:07 2094160    /home/hm/eclipses/CDT/plugins/org.eclipse.cdt.core.linux.x86_5.2.0.201009141542.jar
b1f36000-b1f7e000 r--s 003db000 08:07 2093420    /home/hm/eclipses/CDT/plugins/org.eclipse.cdt.core_5.2.1.201009141542.jar
b1f7e000-b1fcf000 r--s 00467000 08:07 2094200    /home/hm/eclipses/CDT/plugins/org.eclipse.cdt.ui_5.2.1.201009141542.jar
b1fcf000-b1fd2000 rw-s 00000000 00:04 12091424   /SYSV00000000 (deleted)
b1fd2000-b1fd4000 r--s 00010000 08:07 2093461    /home/hm/eclipses/CDT/plugins/org.eclipse.cdt.mylyn.ui_1.1.3.v20100909-0100-e3x.jar
b1fd4000-b1feb000 r--s 000db000 08:07 2093518    /home/hm/eclipses/CDT/plugins/org.eclipse.cdt.debug.ui_7.0.0.201009141542.jar
b1feb000-b1ff6000 r--s 0007d000 08:07 2093473    /home/hm/eclipses/CDT/plugins/org.eclipse.ui.editors_3.6.1.r361_v20100825-0800.jar
b1ff6000-b1ffa000 r--s 00024000 08:07 2093487    /home/hm/eclipses/CDT/plugins/org.eclipse.epp.usagedata.ui_1.3.0.R201005261100.jar
b1ffa000-b1ffe000 r--s 00017000 08:07 2093402    /home/hm/eclipses/CDT/plugins/org.eclipse.core.commands_3.6.0.I20100512-1500.jar
b1ffe000-b2000000 r--s 00001000 08:07 2094174    /home/hm/eclipses/CDT/plugins/org.eclipse.update.core.linux_3.2.200.v20100512.jar
b2000000-b2100000 rw-p 00000000 00:00 0 
b2100000-b2102000 r--s 00001000 08:07 2094302    /home/hm/eclipses/CDT/configuration/org.eclipse.osgi/bundles/24/1/.cp/cdt_linux.jar
b2102000-b2107000 r--s 00021000 08:07 2093472    /home/hm/eclipses/CDT/plugins/org.eclipse.ui_3.6.1.M20100826-1330.jar
b2107000-b210b000 r--s 0003b000 08:07 2093386    /home/hm/eclipses/CDT/plugins/org.eclipse.help_3.5.0.v20100524.jar
b210b000-b210e000 ---p 00000000 00:00 0 
b210e000-b215c000 rw-p 00000000 00:00 0 
b215c000-b215f000 r--s 00013000 08:07 2093401    /home/hm/eclipses/CDT/plugins/org.eclipse.ui.views_3.5.0.I20100527-0800.jar
b215f000-b2161000 r--s 00006000 08:07 2093356    /home/hm/eclipses/CDT/plugins/org.eclipse.equinox.event_1.2.0.v20100503.jar
b2161000-b2163000 r--s 0002b000 08:07 2094163    /home/hm/eclipses/CDT/plugins/org.eclipse.equinox.ds_1.2.1.R36x_v20100803.jar
b2163000-b2165000 r--s 0000b000 08:07 2093390    /home/hm/eclipses/CDT/plugins/org.eclipse.core.filesystem_1.3.1.R36x_v20100727-0745.jar
b2165000-b216d000 r--s 0003b000 08:07 2094201    /home/hm/eclipses/CDT/plugins/org.eclipse.core.databinding.observable_1.3.0.I20100601-0800.jar
b216d000-b2177000 r--s 00089000 08:07 2093351    /home/hm/eclipses/CDT/plugins/org.eclipse.update.core_3.2.402.R36x_v20100629.jar
b2177000-b217a000 r--s 00013000 08:07 2093425    /home/hm/eclipses/CDT/plugins/org.eclipse.core.expressions_3.4.200.v20100505.jar
b217a000-b217d000 ---p 00000000 00:00 0 
b217d000-b21cb000 rw-p 00000000 00:00 0 
b21cb000-b21ec000 r--s 00607000 08:07 2094085    /home/hm/eclipses/CDT/plugins/com.ibm.icu_4.2.1.v20100412.jar
b21ec000-b21ed000 r--p 00000000 00:00 0 
b21f0000-b21f4000 r--s 00017000 08:07 2093353    /home/hm/eclipses/CDT/plugins/org.eclipse.mylyn.team.ui_3.4.2.v20100909-0100-e3x.jar
b21f4000-b21f7000 r--s 00018000 08:07 2093976    /home/hm/eclipses/CDT/plugins/org.eclipse.mylyn.context.core_3.4.1.v20100909-0100-e3x.jar
b21f7000-b21fc000 r--s 0002d000 08:07 2093482    /home/hm/eclipses/CDT/plugins/org.eclipse.mylyn.bugzilla.ui_3.4.2.v20100909-0100-e3x.jar
b21fc000-b21ff000 r--s 00014000 08:07 2094183    /home/hm/eclipses/CDT/plugins/org.eclipse.core.contenttype_3.4.100.v20100505-1235.jar
b21ff000-b2200000 r--s 0000a000 08:07 2094090    /home/hm/eclipses/CDT/plugins/org.apache.commons.logging_1.0.4.v200904062259.jar
b2202000-b220d000 r--s 000b1000 08:07 2094169    /home/hm/eclipses/CDT/plugins/org.eclipse.core.resources_3.6.0.R36x_v20100825-0600.jar
b220d000-b220e000 ---p 00000000 00:00 0 
b220e000-b2a0e000 rw-p 00000000 00:00 0 
b2a0e000-b2a6e000 rw-s 00000000 00:04 12058651   /SYSV00000000 (deleted)
b2a6e000-b2ac0000 r--p 00000000 08:05 7748       /usr/share/fonts/truetype/ubuntu-font-family/Ubuntu-B.ttf
b2ac0000-b2ac3000 r--p 00000000 08:05 66253      /usr/share/locale-langpack/ru/LC_MESSAGES/atk10.mo
b2ac3000-b2ac4000 ---p 00000000 00:00 0 
b2ac4000-b32c4000 rw-p 00000000 00:00 0 
b32c4000-b32c5000 ---p 00000000 00:00 0 
b32c5000-b3ac5000 rw-p 00000000 00:00 0 
b3ac5000-b3ae1000 r--s 00000000 08:05 30894      /usr/share/mime/mime.cache
b3ae1000-b4463000 r--p 00000000 08:05 68725      /usr/share/icons/hicolor/icon-theme.cache
b4463000-b4534000 r--p 00000000 08:05 1572       /usr/share/icons/Humanity/icon-theme.cache
b4534000-b453e000 r--p 00000000 08:05 1571       /usr/share/icons/Humanity-Dark/icon-theme.cache
b453e000-b4548000 r--p 00000000 08:05 41452      /usr/share/icons/ubuntu-mono-dark/icon-theme.cache
b4548000-b45d7000 r--p 00000000 08:05 20925      /usr/share/fonts/truetype/ttf-dejavu/DejaVuSans-Bold.ttf
b45d7000-b45fd000 r--s 0020a000 08:07 2093382    /home/hm/eclipses/CDT/plugins/org.eclipse.ui.ide_3.6.1.M20100825-0800.jar
b45fd000-b464c000 r--p 00000000 08:05 20928      /usr/share/fonts/truetype/ttf-dejavu/DejaVuSansMono.ttf
b464c000-b46a2000 r--p 00000000 08:05 15630      /usr/share/fonts/truetype/ubuntu-font-family/Ubuntu-R.ttf
b46a2000-b46a3000 r--s 00000000 08:05 300919     /var/cache/fontconfig/c05880de57d1f5e948fdfacc138775d9-le32d4.cache-3
b46a3000-b46a9000 r--s 00000000 08:05 284502     /var/cache/fontconfig/945677eb7aeaf62f1d50efc3fb3ec7d8-le32d4.cache-3
b46a9000-b46ac000 r--s 00000000 08:05 300880     /var/cache/fontconfig/99e8ed0e538f840c565b6ed5dad60d56-le32d4.cache-3
b46ac000-b46b2000 r--s 00000000 08:05 300917     /var/cache/fontconfig/e383d7ea5fbe662a33d9b44caf393297-le32d4.cache-3
b46b2000-b46b5000 r--s 00000000 08:05 300916     /var/cache/fontconfig/2cd17615ca594fa2959ae173292e504c-le32d4.cache-3
b46b5000-b46b6000 r--s 00000000 08:05 300914     /var/cache/fontconfig/e7071f4a29fa870f4323321c154eba04-le32d4.cache-3
b46b6000-b46b9000 r--s 00000000 08:05 300910     /var/cache/fontconfig/6eb3985aa4124903f6ff08ba781cd364-le32d4.cache-3
b46b9000-b46ba000 r--s 00000000 08:05 300909     /var/cache/fontconfig/4c73fe0c47614734b17d736dbde7580a-le32d4.cache-3
b46ba000-b46bb000 r--s 00000000 08:05 300908     /var/cache/fontconfig/0d8c3b2ac0904cb8a57a757ad11a4a08-le32d4.cache-3
b46bb000-b46bc000 r--s 00000000 08:05 300904     /var/cache/fontconfig/6a53c69dea097a2d716e069445527da8-le32d4.cache-3
b46bc000-b46c0000 r--s 00000000 08:05 300903     /var/cache/fontconfig/a755afe4a08bf5b97852ceb7400b47bc-le32d4.cache-3
b46c0000-b46c7000 r--s 00000000 08:05 300899     /var/cache/fontconfig/6d41288fd70b0be22e8c3a91e032eec0-le32d4.cache-3
b46c7000-b46d2000 r--s 00000000 08:05 300897     /var/cache/fontconfig/0f34bcd4b6ee430af32735b75db7f02b-le32d4.cache-3
b46d2000-b46d5000 r--s 00000000 08:05 300896     /var/cache/fontconfig/d60319d88cac85ba9e1a07bd06cfbb8c-le32d4.cache-3
b46d5000-b46d6000 r--s 00000000 08:05 300894     /var/cache/fontconfig/4794a0821666d79190d59a36cb4f44b5-le32d4.cache-3
b46d6000-b46f8000 r--s 00000000 08:05 300893     /var/cache/fontconfig/365b55f210c0a22e9a19e35191240f32-le32d4.cache-3
b46f8000-b4700000 r--s 00000000 08:05 300889     /var/cache/fontconfig/d52a8644073d54c13679302ca1180695-le32d4.cache-3
b4700000-b47fc000 rw-p 00000000 00:00 0 
b47fc000-b4800000 ---p 00000000 00:00 0 
b4800000-b4802000 r--s 00000000 08:05 278092     /var/cache/fontconfig/e13b20fdb08344e0e664864cc2ede53d-le32d4.cache-3
b4802000-b4805000 r--s 00000000 08:05 284507     /var/cache/fontconfig/7ef2298fde41cc6eeb7af42e48b7d293-le32d4.cache-3
b4805000-b481f000 r--p 00000000 08:05 66460      /usr/share/locale-langpack/ru/LC_MESSAGES/glib20.mo
b481f000-b4820000 rw-p 00000000 00:00 0 
b4820000-b4822000 r--s 00011000 08:07 2094198    /home/hm/eclipses/CDT/plugins/org.eclipse.equinox.util_1.0.200.v20100503.jar
b4822000-b4823000 r--s 00007000 08:07 2094191    /home/hm/eclipses/CDT/plugins/org.eclipse.equinox.p2.directorywatcher_1.0.202.R36x_v20100727.jar
b4823000-b4824000 rw-p 00000000 00:00 0 
b4824000-b4827000 r--s 00019000 08:07 2094181    /home/hm/eclipses/CDT/plugins/org.eclipse.equinox.preferences_3.3.0.v20100503.jar
b4827000-b4828000 r--s 0000a000 08:07 2093372    /home/hm/eclipses/CDT/plugins/org.eclipse.equinox.p2.reconciler.dropins_1.1.0.v20100525.jar
b4828000-b483d000 r--s 00212000 08:07 2093516    /home/hm/eclipses/CDT/plugins/org.eclipse.swt.gtk.linux.x86_3.6.1.v3655c.jar
b483d000-b483e000 r--s 00004000 08:07 2093389    /home/hm/eclipses/CDT/plugins/org.eclipse.swt_3.6.1.v3655c.jar
b483e000-b4853000 r--s 000f1000 08:07 2094184    /home/hm/eclipses/CDT/plugins/org.eclipse.jface_3.6.1.M20100825-0800.jar
b4853000-b4855000 r--s 00001000 08:07 2093392    /home/hm/eclipses/CDT/plugins/org.eclipse.ui.workbench.compatibility_3.2.100.I20100511-0800/compatibility.jar
b4855000-b489c000 r--s 003ab000 08:07 2094083    /home/hm/eclipses/CDT/plugins/org.eclipse.ui.workbench_3.6.1.M20100826-1330.jar
b489c000-b489e000 r--s 0000c000 08:07 2093974    /home/hm/eclipses/CDT/plugins/org.apache.commons.codec_1.3.0.v20100106-1700.jar
b489e000-b48a1000 r--s 0000e000 08:07 2093438    /home/hm/eclipses/CDT/plugins/org.eclipse.equinox.p2.core_2.0.2.R36x_v20100804.jar
b48a1000-b48a4000 r--s 00014000 08:07 2094187    /home/hm/eclipses/CDT/plugins/org.eclipse.core.jobs_3.5.1.R36x_v20100824.jar
b48a4000-b48a6000 r--s 00013000 08:07 2093508    /home/hm/eclipses/CDT/plugins/org.eclipse.equinox.app_1.3.1.R36x_v20100803.jar
b48a6000-b48a9000 ---p 00000000 00:00 0 
b48a9000-b48f7000 rw-p 00000000 00:00 0 
b48f7000-b48f9000 r--s 00007000 08:07 2094176    /home/hm/eclipses/CDT/plugins/org.eclipse.core.variables_3.2.400.v20100505.jar
b48f9000-b48fa000 r--s 00002000 08:07 2094060    /home/hm/eclipses/CDT/plugins/org.eclipse.core.filesystem.linux.x86_1.4.0.v20100505-1235.jar
b48fa000-b48fb000 r--s 00005000 08:07 2093510    /home/hm/eclipses/CDT/plugins/org.eclipse.core.runtime.compatibility.auth_3.2.200.v20100517.jar
b48fb000-b48fd000 r--s 00015000 08:07 2093436    /home/hm/eclipses/CDT/plugins/org.eclipse.core.runtime.compatibility_3.2.100.v20100505.jar
b48fd000-b48fe000 r--s 00003000 08:07 2094210    /home/hm/eclipses/CDT/plugins/org.eclipse.cdt.core.linux_5.2.0.201009141542.jar
b48fe000-b48ff000 r--s 00002000 08:07 2094078    /home/hm/eclipses/CDT/plugins/org.eclipse.core.runtime.compatibility.registry_3.3.0.v20100520/runtime_registry_compatibility.jar
b48ff000-b4903000 r--s 00029000 08:07 2093426    /home/hm/eclipses/CDT/plugins/org.eclipse.equinox.registry_3.5.0.v20100503.jar
b4903000-b4905000 r--s 00010000 08:07 2093428    /home/hm/eclipses/CDT/plugins/org.eclipse.core.runtime_3.6.0.v20100505.jar
b4905000-b4908000 ---p 00000000 00:00 0 
b4908000-b4956000 rw-p 00000000 00:00 0 
b4956000-b4959000 ---p 00000000 00:00 0 
b4959000-b49a7000 rw-p 00000000 00:00 0 
b49a7000-b49a9000 r--s 00017000 08:07 2094067    /home/hm/eclipses/CDT/plugins/org.eclipse.update.configurator_3.3.100.v20100512.jar
b49a9000-b49ac000 ---p 00000000 00:00 0 
b49ac000-b49fa000 rw-p 00000000 00:00 0 
b49fa000-b49fd000 ---p 00000000 00:00 0 
b49fd000-b4a4b000 rw-p 00000000 00:00 0 
b4a4b000-b4a4e000 ---p 00000000 00:00 0 
b4a4e000-b4a9c000 rw-p 00000000 00:00 0 
b4a9c000-b4aad000 r--s 00108000 08:07 2093375    /home/hm/eclipses/CDT/plugins/org.eclipse.osgi_3.6.1.R36x_v20100806.jar
b4aad000-b4aae000 ---p 00000000 00:00 0 
b4aae000-b4b2e000 rw-p 00000000 00:00 0 
b4b2e000-b4b31000 ---p 00000000 00:00 0 
b4b31000-b4b7f000 rw-p 00000000 00:00 0 
b4b7f000-b4b82000 ---p 00000000 00:00 0 
b4b82000-b4c00000 rw-p 00000000 00:00 0 
b4c00000-b4d00000 rw-p 00000000 00:00 0 
b4d00000-b4d01000 r--s 00007000 08:07 2093478    /home/hm/eclipses/CDT/plugins/org.eclipse.update.scheduler_3.2.300.v20100512.jar
b4d01000-b4d03000 r--s 00007000 08:07 2094059    /home/hm/eclipses/CDT/plugins/org.eclipse.jsch.core_1.1.200.I20100505-1245.jar
b4d03000-b4d05000 r--s 0000a000 08:07 2093499    /home/hm/eclipses/CDT/plugins/org.eclipse.cdt.managedbuilder.gnu.ui_7.0.0.201009141542.jar
b4d05000-b4d07000 r--s 0000e000 08:07 2093354    /home/hm/eclipses/CDT/plugins/org.eclipse.mylyn.resources.ui_3.4.1.v20100909-0100-e3x.jar
b4d07000-b4d09000 r--s 00017000 08:07 2093358    /home/hm/eclipses/CDT/plugins/org.eclipse.equinox.common_3.6.0.v20100503.jar
b4d09000-b4d0b000 r--s 00003000 08:07 2094052    /home/hm/eclipses/CDT/plugins/org.eclipse.equinox.p2.updatechecker_1.1.101.R36x_v20100823.jar
b4d0b000-b4d11000 r--s 000fc000 08:05 151925     /usr/lib/jvm/java-6-openjdk/jre/lib/resources.jar
b4d11000-b4d15000 r--s 0007c000 08:05 151919     /usr/lib/jvm/java-6-openjdk/jre/lib/jsse.jar
b4d15000-b4d17000 r--s 0000a000 08:07 2093475    /home/hm/eclipses/CDT/plugins/org.eclipse.equinox.launcher_1.1.0.v20100507.jar
b4d17000-b4d1f000 r--s 00066000 08:05 55781      /usr/share/java/gnome-java-bridge.jar
b4d1f000-b4d22000 r--s 0000f000 08:05 151905     /usr/lib/jvm/java-6-openjdk/jre/lib/ext/pulse-java.jar
b4d22000-b4d25000 ---p 00000000 00:00 0 
b4d25000-b4d73000 rw-p 00000000 00:00 0 
b4d73000-b4d76000 ---p 00000000 00:00 0 
b4d76000-b4dc4000 rw-p 00000000 00:00 0 
b4dc4000-b4dc7000 ---p 00000000 00:00 0 
b4dc7000-b4e15000 rw-p 00000000 00:00 0 
b4e15000-b4e16000 ---p 00000000 00:00 0 
b4e16000-b4e96000 rw-p 00000000 00:00 0 
b4e96000-b4e98000 r--s 0001d000 08:05 151924     /usr/lib/jvm/java-6-openjdk/jre/lib/plugin.jar
b4e98000-b4e9d000 r--s 00044000 08:05 151923     /usr/lib/jvm/java-6-openjdk/jre/lib/netx.jar
b4e9d000-b4ecf000 rw-p 00000000 00:00 0 
b4ecf000-b505e000 r--s 038bb000 08:05 159290     /usr/lib/jvm/java-6-openjdk/jre/lib/rt.jar
b505e000-b507c000 rw-p 00000000 00:00 0 
b507c000-b50e6000 rw-p 00000000 00:00 0 
b50e6000-b50f6000 rw-p 00000000 00:00 0 
b50f6000-b5167000 rw-p 00000000 00:00 0 
b5167000-b516f000 rw-p 00000000 00:00 0 
b516f000-b51a7000 rw-p 00000000 00:00 0 
b51a7000-b51b7000 rw-p 00000000 00:00 0 
b51b7000-b5227000 rw-p 00000000 00:00 0 
b5227000-b523e000 rw-p 00000000 00:00 0 
b523e000-b52a7000 rw-p 00000000 00:00 0 
b52a7000-b52c6000 rw-p 00000000 00:00 0 
b52c6000-b5333000 rw-p 00000000 00:00 0 
b5333000-b57eb000 rwxp 00000000 00:00 0 
b57eb000-b7333000 rw-p 00000000 00:00 0 
b7333000-b7393000 rw-s 00000000 00:04 12025880   /SYSV00000000 (deleted)
b7393000-b739b000 r--p 00000000 08:05 66291      /usr/share/locale-langpack/ru/LC_MESSAGES/gdk-pixbuf.mo
b739b000-b73fe000 rw-p 00000000 00:00 0 
b73fe000-b73ff000 r--s 00008000 08:07 2094159    /home/hm/eclipses/CDT/plugins/org.eclipse.mylyn.monitor.core_3.4.0.v20100608-0100-e3x.jar
b73ff000-b7435000 r--p 00000000 08:05 66349      /usr/share/locale-langpack/ru/LC_MESSAGES/gtk20-properties.mo
b7435000-b7460000 r--p 00000000 08:05 65285      /usr/share/locale-langpack/ru/LC_MESSAGES/libc.mo
b7460000-b7467000 r--s 00000000 08:05 130604     /usr/lib/gconv/gconv-modules.cache
b7467000-b7478000 r--p 00000000 08:05 66221      /usr/share/locale-langpack/ru/LC_MESSAGES/gtk20.mo
b7478000-b7598000 r--p 002a3000 08:05 131378     /usr/lib/locale/locale-archive
b7598000-b7798000 r--p 00000000 08:05 131378     /usr/lib/locale/locale-archive
b7798000-b77a0000 rw-p 00000000 00:00 0 
b77a0000-b77a8000 rw-s 00000000 08:05 263328     /tmp/hsperfdata_hm/4478
b77a8000-b77a9000 rw-p 00000000 00:00 0 
b77a9000-b77aa000 r--p 00000000 00:00 0 
b77aa000-b77ac000 rw-p 00000000 00:00 0 
bf84e000-bf851000 ---p 00000000 00:00 0 
bf852000-bf89e000 rw-p 00000000 00:00 0          [stack]

VM Arguments:
jvm_args: -Dosgi.requiredJavaVersion=1.5 -XX:MaxPermSize=256m -Xms40m -Xmx384m 
java_command: <unknown>
Launcher Type: generic

Environment Variables:
PATH=/usr/local/sbin:/usr/local/bin:/usr/sbin:/usr/bin:/sbin:/bin:/usr/games
USERNAME=hm
LD_LIBRARY_PATH=/usr/lib/jvm/java-6-openjdk/jre/lib/i386/client:/usr/lib/jvm/java-6-openjdk/jre/lib/i386:/usr/lib/xulrunner-addons:/usr/lib/xulrunner-addons
SHELL=/bin/bash
DISPLAY=:0.0

Signal Handlers:
SIGSEGV: [libjvm.so+0x3df4f0], sa_mask[0]=0x7ffbfeff, sa_flags=0x10000004
SIGBUS: [libjvm.so+0x3df4f0], sa_mask[0]=0x7ffbfeff, sa_flags=0x10000004
SIGFPE: [libjvm.so+0x3055c0], sa_mask[0]=0x7ffbfeff, sa_flags=0x10000004
SIGPIPE: SIG_IGN, sa_mask[0]=0x00001000, sa_flags=0x10000000
SIGXFSZ: [libjvm.so+0x3055c0], sa_mask[0]=0x7ffbfeff, sa_flags=0x10000004
SIGILL: [libjvm.so+0x3055c0], sa_mask[0]=0x7ffbfeff, sa_flags=0x10000004
SIGUSR1: SIG_DFL, sa_mask[0]=0x00000000, sa_flags=0x00000000
SIGUSR2: [libjvm.so+0x304c70], sa_mask[0]=0x00000000, sa_flags=0x10000004
SIGHUP: [libjvm.so+0x3077e0], sa_mask[0]=0x7ffbfeff, sa_flags=0x10000004
SIGINT: [libjvm.so+0x3077e0], sa_mask[0]=0x7ffbfeff, sa_flags=0x10000004
SIGTERM: [libjvm.so+0x3077e0], sa_mask[0]=0x7ffbfeff, sa_flags=0x10000004
SIGQUIT: [libjvm.so+0x3077e0], sa_mask[0]=0x7ffbfeff, sa_flags=0x10000004


---------------  S Y S T E M  ---------------

OS:Ubuntu 10.10 (maverick)
uname:Linux 2.6.35-25-generic #44-Ubuntu SMP Fri Jan 21 17:40:48 UTC 2011 i686
libc:glibc 2.12.1 NPTL 2.12.1 
rlimit: STACK 8192k, CORE 0k, NPROC infinity, NOFILE 1024, AS infinity
load average:0,39 0,31 0,33

/proc/meminfo:
MemTotal:        2051240 kB
MemFree:          970716 kB
Buffers:           21772 kB
Cached:           389064 kB
SwapCached:        10040 kB
Active:           607368 kB
Inactive:         383544 kB
Active(anon):     457368 kB
Inactive(anon):   208800 kB
Active(file):     150000 kB
Inactive(file):   174744 kB
Unevictable:          16 kB
Mlocked:              16 kB
HighTotal:       1178044 kB
HighFree:         360620 kB
LowTotal:         873196 kB
LowFree:          610096 kB
SwapTotal:       1998844 kB
SwapFree:        1934496 kB
Dirty:               280 kB
Writeback:             0 kB
AnonPages:        571404 kB
Mapped:            99296 kB
Shmem:             86216 kB
Slab:              38252 kB
SReclaimable:      20624 kB
SUnreclaim:        17628 kB
KernelStack:        2864 kB
PageTables:         9532 kB
NFS_Unstable:          0 kB
Bounce:                0 kB
WritebackTmp:          0 kB
CommitLimit:     3024464 kB
Committed_AS:    2906568 kB
VmallocTotal:     122880 kB
VmallocUsed:       41828 kB
VmallocChunk:      71212 kB
HardwareCorrupted:     0 kB
HugePages_Total:       0
HugePages_Free:        0
HugePages_Rsvd:        0
HugePages_Surp:        0
Hugepagesize:       4096 kB
DirectMap4k:       16376 kB
DirectMap4M:      892928 kB


CPU:total 2 (2 cores per cpu, 1 threads per core) family 6 model 23 stepping 6, cmov, cx8, fxsr, mmx, sse, sse2, sse3, ssse3, sse4.1

Memory: 4k page, physical 2051240k(970716k free), swap 1998844k(1934496k free)

vm_info: OpenJDK Client VM (19.0-b09) for linux-x86 JRE (1.6.0_20-b20), built on Jan 27 2011 22:47:50 by "buildd" with gcc 4.4.5

time: Wed Feb 23 19:01:34 2011
elapsed time: 26526 seconds

